2025-03-11 10:38:12,676 - webhook_card_update - INFO - No PayPal signature headers found - continuing in development mode
2025-03-11 10:38:12,676 - webhook_card_update - INFO - Received webhook: {"id": "WH-236F9232D927", "create_time": "2025-03-11T17:38:12.000Z", "resource_type": "checkout-order", "event_type": "CARD.UPDATED", "summary": "Checkout Order Declined due to Risk Fraud Filter failures", "expiry_date": "2032-01", "resource": {"update_type": "EXPIRY_UPDATE", "subscription_id": "4W652813WT337832W"}, "links": [{"href": "https://api-m.paypal.com/v1/notifications/webhooks-events/WH-730925B2CF19", "rel": "self", "method": "GET", "encType": "application/json"}, {"href": "https://api-m.paypal.com/v1/notifications/webhooks-events/WH-252FCCFBC249/resend", "rel": "resend", "method": "POST", "encType": "application/json"}], "event_version": "1.0", "zts": 1741739892, "resource_version": "2.0"}
2025-03-11 10:38:12,676 - webhook_card_update - INFO - Updating card with subscription ID 4W652813WT337832W: {'expiry_date': '01/2032'}
2025-03-11 10:38:12,677 - webhook_card_update - INFO - Successfully updated card for subscription 4W652813WT337832W
2025-03-17 14:39:36,680 - app.events.webhook_card_update - INFO - No PayPal signature headers found - continuing in development mode
2025-03-17 14:39:36,680 - app.events.webhook_card_update - INFO - Received webhook: {"id": "WH-1ECD118DE0EF", "create_time": "2025-03-17T21:39:36.000Z", "resource_type": "checkout-order", "event_type": "CARD.UPDATED", "summary": "Checkout Order Declined due to Risk Fraud Filter failures", "expiry_date": "2029-01", "resource": {"update_type": "EXPIRY_UPDATE", "subscription_id": "SUB-DA08BE47D770"}, "links": [{"href": "https://api-m.paypal.com/v1/notifications/webhooks-events/WH-88E2770025E0", "rel": "self", "method": "GET", "encType": "application/json"}, {"href": "https://api-m.paypal.com/v1/notifications/webhooks-events/WH-80485BD6E15B/resend", "rel": "resend", "method": "POST", "encType": "application/json"}], "event_version": "1.0", "zts": 1742272776, "resource_version": "2.0"}
2025-03-17 14:39:36,680 - app.events.webhook_card_update - INFO - Updating card with subscription ID SUB-DA08BE47D770: {'expiry_date': '01/2029'}
2025-03-17 14:39:36,682 - app.events.webhook_card_update - ERROR - Failed to update card: Card with subscription ID SUB-DA08BE47D770 not found
2025-03-17 14:43:57,628 - app.events.webhook_card_update - INFO - No PayPal signature headers found - continuing in development mode
2025-03-17 14:43:57,629 - app.events.webhook_card_update - INFO - Received webhook: {"id": "WH-3279D64D8BA1", "create_time": "2025-03-17T21:43:57.000Z", "resource_type": "checkout-order", "event_type": "CARD.UPDATED", "summary": "Checkout Order Declined due to Risk Fraud Filter failures", "expiry_date": "2029-01", "resource": {"update_type": "EXPIRY_UPDATE", "subscription_id": "SUB-DA08BE47D770"}, "links": [{"href": "https://api-m.paypal.com/v1/notifications/webhooks-events/WH-A8F4EA9D377E", "rel": "self", "method": "GET", "encType": "application/json"}, {"href": "https://api-m.paypal.com/v1/notifications/webhooks-events/WH-ABD1B49CF274/resend", "rel": "resend", "method": "POST", "encType": "application/json"}], "event_version": "1.0", "zts": 1742273037, "resource_version": "2.0"}
2025-03-17 14:43:57,629 - app.events.webhook_card_update - INFO - Updating card with subscription ID SUB-DA08BE47D770: {'expiry_date': '01/2029'}
2025-03-17 14:43:57,631 - app.events.webhook_card_update - ERROR - Failed to update card: Card with subscription ID SUB-DA08BE47D770 not found
2025-03-17 15:01:13,221 - app.events.webhook_card_update - INFO - No PayPal signature headers found - continuing in development mode
2025-03-17 15:01:13,222 - app.events.webhook_card_update - INFO - Received webhook: {"id": "WH-8E330FC96E98", "create_time": "2025-03-17T22:01:13.000Z", "resource_type": "checkout-order", "event_type": "CARD.UPDATED", "summary": "Checkout Order Declined due to Risk Fraud Filter failures", "expiry_date": "2029-01", "resource": {"update_type": "EXPIRY_UPDATE", "subscription_id": "SUB-DA08BE47D770"}, "links": [{"href": "https://api-m.paypal.com/v1/notifications/webhooks-events/WH-A6A0E2F0AED6", "rel": "self", "method": "GET", "encType": "application/json"}, {"href": "https://api-m.paypal.com/v1/notifications/webhooks-events/WH-6555EC61420B/resend", "rel": "resend", "method": "POST", "encType": "application/json"}], "event_version": "1.0", "zts": 1742274073, "resource_version": "2.0"}
2025-03-17 15:01:13,222 - app.events.webhook_card_update - INFO - Updating card with subscription ID SUB-DA08BE47D770: {'expiry_date': '01/2029'}
2025-03-17 15:01:13,224 - app.events.webhook_card_update - ERROR - Failed to update card: Card with subscription ID SUB-DA08BE47D770 not found
2025-03-17 15:07:18,174 - app.events.webhook_card_update - INFO - No PayPal signature headers found - continuing in development mode
2025-03-17 15:07:18,174 - app.events.webhook_card_update - INFO - Received webhook: {"event_type": "CARD.UPDATED", "resource": {"subscription_id": "SUB-DA08BE47D770", "card_details": {"expiry_month": "05", "expiry_year": "2025", "last_four": "7034", "brand": "AMEX"}}}
2025-03-17 15:07:18,174 - app.events.webhook_card_update - INFO - Updating card with subscription ID SUB-DA08BE47D770: {'last_four': '7034', 'expiry_date': '05/2025', 'card_type': 'AMEX'}
2025-03-17 15:07:18,175 - app.events.webhook_card_update - INFO - Successfully updated card for subscription SUB-DA08BE47D770
